2018/01/31 04:32:08.659534 beat.go:436: INFO Home path: [/usr/local/zytc/code/dockerfile-mine/filebeat-6.1.1-linux-x86_64] Config path: [/usr/local/zytc/code/dockerfile-mine/filebeat-6.1.1-linux-x86_64] Data path: [/usr/local/zytc/code/dockerfile-mine/filebeat-6.1.1-linux-x86_64/data] Logs path: [/usr/local/zytc/code/dockerfile-mine/filebeat-6.1.1-linux-x86_64/logs]
2018/01/31 04:32:08.659546 metrics.go:23: INFO Metrics logging every 30s
2018/01/31 04:32:08.659654 beat.go:443: INFO Beat UUID: 00809895-3672-452e-b799-ab88a85e6a72
2018/01/31 04:32:08.659704 beat.go:203: INFO Setup Beat: filebeat; Version: 6.1.1
2018/01/31 04:32:08.660135 module.go:76: INFO Beat name: testserver5
2018/01/31 04:32:08.660371 beat.go:276: INFO filebeat start running.
2018/01/31 04:32:08.660427 registrar.go:88: INFO Registry file set to: /usr/local/zytc/code/dockerfile-mine/filebeat-6.1.1-linux-x86_64/data/registry
2018/01/31 04:32:08.660453 registrar.go:108: INFO Loading registrar data from /usr/local/zytc/code/dockerfile-mine/filebeat-6.1.1-linux-x86_64/data/registry
2018/01/31 04:32:08.660559 registrar.go:119: INFO States Loaded from registrar: 2
2018/01/31 04:32:08.660577 filebeat.go:261: WARN Filebeat is unable to load the Ingest Node pipelines for the configured modules because the Elasticsearch output is not configured/enabled. If you have already loaded the Ingest Node pipelines or are using Logstash pipelines, you can ignore this warning.
2018/01/31 04:32:08.660589 crawler.go:48: INFO Loading Prospectors: 1
2018/01/31 04:32:08.661024 registrar.go:150: INFO Starting Registrar
2018/01/31 04:32:08.661292 prospector.go:87: INFO Starting prospector of type: log; ID: 4961747057792830411 
2018/01/31 04:32:08.661308 crawler.go:82: INFO Loading and starting Prospectors completed. Enabled prospectors: 1
2018/01/31 04:32:38.660007 metrics.go:39: INFO Non-zero metrics in the last 30s: beat.info.uptime.ms=30001 beat.memstats.gc_next=4473924 beat.memstats.memory_alloc=2767240 beat.memstats.memory_total=2767240 filebeat.events.added=2 filebeat.events.done=2 filebeat.harvester.open_files=0 filebeat.harvester.running=0 libbeat.config.module.running=0 libbeat.output.type=kafka libbeat.pipeline.clients=1 libbeat.pipeline.events.active=0 libbeat.pipeline.events.filtered=2 libbeat.pipeline.events.total=2 registrar.states.current=2 registrar.states.update=2 registrar.writes=2
2018/01/31 04:33:08.659905 metrics.go:39: INFO Non-zero metrics in the last 30s: beat.info.uptime.ms=30000 beat.memstats.gc_next=4473924 beat.memstats.memory_alloc=2811040 beat.memstats.memory_total=2811040 filebeat.harvester.open_files=0 filebeat.harvester.running=0 libbeat.config.module.running=0 libbeat.pipeline.clients=1 libbeat.pipeline.events.active=0 registrar.states.current=2
2018/01/31 04:33:38.659927 metrics.go:39: INFO Non-zero metrics in the last 30s: beat.info.uptime.ms=30000 beat.memstats.gc_next=4473924 beat.memstats.memory_alloc=2849528 beat.memstats.memory_total=2849528 filebeat.harvester.open_files=0 filebeat.harvester.running=0 libbeat.config.module.running=0 libbeat.pipeline.clients=1 libbeat.pipeline.events.active=0 registrar.states.current=2
2018/01/31 04:34:08.659902 metrics.go:39: INFO Non-zero metrics in the last 30s: beat.info.uptime.ms=30000 beat.memstats.gc_next=4473924 beat.memstats.memory_alloc=2888432 beat.memstats.memory_total=2888432 filebeat.harvester.open_files=0 filebeat.harvester.running=0 libbeat.config.module.running=0 libbeat.pipeline.clients=1 libbeat.pipeline.events.active=0 registrar.states.current=2
2018/01/31 04:34:38.659924 metrics.go:39: INFO Non-zero metrics in the last 30s: beat.info.uptime.ms=30000 beat.memstats.gc_next=4473924 beat.memstats.memory_alloc=2928072 beat.memstats.memory_total=2928072 filebeat.harvester.open_files=0 filebeat.harvester.running=0 libbeat.config.module.running=0 libbeat.pipeline.clients=1 libbeat.pipeline.events.active=0 registrar.states.current=2
2018/01/31 04:35:08.659932 metrics.go:39: INFO Non-zero metrics in the last 30s: beat.info.uptime.ms=30000 beat.memstats.gc_next=4473924 beat.memstats.memory_alloc=2966736 beat.memstats.memory_total=2966736 filebeat.harvester.open_files=0 filebeat.harvester.running=0 libbeat.config.module.running=0 libbeat.pipeline.clients=1 libbeat.pipeline.events.active=0 registrar.states.current=2
2018/01/31 04:35:38.659910 metrics.go:39: INFO Non-zero metrics in the last 30s: beat.info.uptime.ms=30000 beat.memstats.gc_next=4473924 beat.memstats.memory_alloc=3005112 beat.memstats.memory_total=3005112 filebeat.harvester.open_files=0 filebeat.harvester.running=0 libbeat.config.module.running=0 libbeat.pipeline.clients=1 libbeat.pipeline.events.active=0 registrar.states.current=2
2018/01/31 04:36:08.659916 metrics.go:39: INFO Non-zero metrics in the last 30s: beat.info.uptime.ms=30000 beat.memstats.gc_next=4473924 beat.memstats.memory_alloc=3044016 beat.memstats.memory_total=3044016 filebeat.harvester.open_files=0 filebeat.harvester.running=0 libbeat.config.module.running=0 libbeat.pipeline.clients=1 libbeat.pipeline.events.active=0 registrar.states.current=2
2018/01/31 04:36:38.659928 metrics.go:39: INFO Non-zero metrics in the last 30s: beat.info.uptime.ms=30000 beat.memstats.gc_next=4473924 beat.memstats.memory_alloc=3082840 beat.memstats.memory_total=3082840 filebeat.harvester.open_files=0 filebeat.harvester.running=0 libbeat.config.module.running=0 libbeat.pipeline.clients=1 libbeat.pipeline.events.active=0 registrar.states.current=2
2018/01/31 04:37:08.659912 metrics.go:39: INFO Non-zero metrics in the last 30s: beat.info.uptime.ms=30000 beat.memstats.gc_next=4473924 beat.memstats.memory_alloc=3121744 beat.memstats.memory_total=3121744 filebeat.harvester.open_files=0 filebeat.harvester.running=0 libbeat.config.module.running=0 libbeat.pipeline.clients=1 libbeat.pipeline.events.active=0 registrar.states.current=2
2018/01/31 04:37:38.659880 metrics.go:39: INFO Non-zero metrics in the last 30s: beat.info.uptime.ms=30000 beat.memstats.gc_next=4473924 beat.memstats.memory_alloc=3160472 beat.memstats.memory_total=3160472 filebeat.harvester.open_files=0 filebeat.harvester.running=0 libbeat.config.module.running=0 libbeat.pipeline.clients=1 libbeat.pipeline.events.active=0 registrar.states.current=2
2018/01/31 04:38:08.659911 metrics.go:39: INFO Non-zero metrics in the last 30s: beat.info.uptime.ms=30000 beat.memstats.gc_next=4473924 beat.memstats.memory_alloc=3195456 beat.memstats.memory_total=3195456 filebeat.harvester.open_files=0 filebeat.harvester.running=0 libbeat.config.module.running=0 libbeat.pipeline.clients=1 libbeat.pipeline.events.active=0 registrar.states.current=2
2018/01/31 04:38:38.659923 metrics.go:39: INFO Non-zero metrics in the last 30s: beat.info.uptime.ms=30000 beat.memstats.gc_next=4473924 beat.memstats.memory_alloc=3237432 beat.memstats.memory_total=3237432 filebeat.harvester.open_files=0 filebeat.harvester.running=0 libbeat.config.module.running=0 libbeat.pipeline.clients=1 libbeat.pipeline.events.active=0 registrar.states.current=2
2018/01/31 04:39:08.659899 metrics.go:39: INFO Non-zero metrics in the last 30s: beat.info.uptime.ms=30000 beat.memstats.gc_next=4473924 beat.memstats.memory_alloc=3276128 beat.memstats.memory_total=3276128 filebeat.harvester.open_files=0 filebeat.harvester.running=0 libbeat.config.module.running=0 libbeat.pipeline.clients=1 libbeat.pipeline.events.active=0 registrar.states.current=2
2018/01/31 04:39:38.659890 metrics.go:39: INFO Non-zero metrics in the last 30s: beat.info.uptime.ms=30000 beat.memstats.gc_next=4473924 beat.memstats.memory_alloc=3314648 beat.memstats.memory_total=3314648 filebeat.harvester.open_files=0 filebeat.harvester.running=0 libbeat.config.module.running=0 libbeat.pipeline.clients=1 libbeat.pipeline.events.active=0 registrar.states.current=2
2018/01/31 04:40:08.659907 metrics.go:39: INFO Non-zero metrics in the last 30s: beat.info.uptime.ms=30000 beat.memstats.gc_next=4473924 beat.memstats.memory_alloc=3353312 beat.memstats.memory_total=3353312 filebeat.harvester.open_files=0 filebeat.harvester.running=0 libbeat.config.module.running=0 libbeat.pipeline.clients=1 libbeat.pipeline.events.active=0 registrar.states.current=2
2018/01/31 04:40:38.659928 metrics.go:39: INFO Non-zero metrics in the last 30s: beat.info.uptime.ms=30000 beat.memstats.gc_next=4473924 beat.memstats.memory_alloc=3391800 beat.memstats.memory_total=3391800 filebeat.harvester.open_files=0 filebeat.harvester.running=0 libbeat.config.module.running=0 libbeat.pipeline.clients=1 libbeat.pipeline.events.active=0 registrar.states.current=2
2018/01/31 04:41:08.659920 metrics.go:39: INFO Non-zero metrics in the last 30s: beat.info.uptime.ms=30000 beat.memstats.gc_next=4473924 beat.memstats.memory_alloc=3430080 beat.memstats.memory_total=3430080 filebeat.harvester.open_files=0 filebeat.harvester.running=0 libbeat.config.module.running=0 libbeat.pipeline.clients=1 libbeat.pipeline.events.active=0 registrar.states.current=2
2018/01/31 04:41:38.659929 metrics.go:39: INFO Non-zero metrics in the last 30s: beat.info.uptime.ms=30000 beat.memstats.gc_next=4473924 beat.memstats.memory_alloc=3468568 beat.memstats.memory_total=3468568 filebeat.harvester.open_files=0 filebeat.harvester.running=0 libbeat.config.module.running=0 libbeat.pipeline.clients=1 libbeat.pipeline.events.active=0 registrar.states.current=2
2018/01/31 04:42:08.659900 metrics.go:39: INFO Non-zero metrics in the last 30s: beat.info.uptime.ms=30000 beat.memstats.gc_next=4473924 beat.memstats.memory_alloc=3507504 beat.memstats.memory_total=3507504 filebeat.harvester.open_files=0 filebeat.harvester.running=0 libbeat.config.module.running=0 libbeat.pipeline.clients=1 libbeat.pipeline.events.active=0 registrar.states.current=2
2018/01/31 04:42:38.659928 metrics.go:39: INFO Non-zero metrics in the last 30s: beat.info.uptime.ms=30000 beat.memstats.gc_next=4473924 beat.memstats.memory_alloc=3548664 beat.memstats.memory_total=3548664 filebeat.harvester.open_files=0 filebeat.harvester.running=0 libbeat.config.module.running=0 libbeat.pipeline.clients=1 libbeat.pipeline.events.active=0 registrar.states.current=2
2018/01/31 04:43:01.025213 metrics.go:23: INFO Metrics logging every 30s
2018/01/31 04:43:01.025209 beat.go:436: INFO Home path: [/usr/local/zytc/code/dockerfile-mine/filebeat-6.1.1-linux-x86_64] Config path: [/usr/local/zytc/code/dockerfile-mine/filebeat-6.1.1-linux-x86_64] Data path: [/usr/local/zytc/code/dockerfile-mine/filebeat-6.1.1-linux-x86_64/data] Logs path: [/usr/local/zytc/code/dockerfile-mine/filebeat-6.1.1-linux-x86_64/logs]
2018/01/31 04:43:01.025358 beat.go:443: INFO Beat UUID: 00809895-3672-452e-b799-ab88a85e6a72
2018/01/31 04:43:01.025377 beat.go:203: INFO Setup Beat: filebeat; Version: 6.1.1
2018/01/31 04:43:01.025813 module.go:76: INFO Beat name: testserver5
2018/01/31 04:43:01.026111 beat.go:276: INFO filebeat start running.
2018/01/31 04:43:01.026168 registrar.go:88: INFO Registry file set to: /usr/local/zytc/code/dockerfile-mine/filebeat-6.1.1-linux-x86_64/data/registry
2018/01/31 04:43:01.026201 registrar.go:108: INFO Loading registrar data from /usr/local/zytc/code/dockerfile-mine/filebeat-6.1.1-linux-x86_64/data/registry
2018/01/31 04:43:01.026322 registrar.go:119: INFO States Loaded from registrar: 2
2018/01/31 04:43:01.026347 filebeat.go:261: WARN Filebeat is unable to load the Ingest Node pipelines for the configured modules because the Elasticsearch output is not configured/enabled. If you have already loaded the Ingest Node pipelines or are using Logstash pipelines, you can ignore this warning.
2018/01/31 04:43:01.026360 crawler.go:48: INFO Loading Prospectors: 1
2018/01/31 04:43:01.026422 registrar.go:150: INFO Starting Registrar
2018/01/31 04:43:01.026689 prospector.go:87: INFO Starting prospector of type: log; ID: 4961747057792830411 
2018/01/31 04:43:01.026704 crawler.go:82: INFO Loading and starting Prospectors completed. Enabled prospectors: 1
2018/01/31 04:43:31.025587 metrics.go:39: INFO Non-zero metrics in the last 30s: beat.info.uptime.ms=30001 beat.memstats.gc_next=4473924 beat.memstats.memory_alloc=2763560 beat.memstats.memory_total=2763560 filebeat.events.added=2 filebeat.events.done=2 filebeat.harvester.open_files=0 filebeat.harvester.running=0 libbeat.config.module.running=0 libbeat.output.type=kafka libbeat.pipeline.clients=1 libbeat.pipeline.events.active=0 libbeat.pipeline.events.filtered=2 libbeat.pipeline.events.total=2 registrar.states.current=2 registrar.states.update=2 registrar.writes=2
2018/01/31 04:44:01.025516 metrics.go:39: INFO Non-zero metrics in the last 30s: beat.info.uptime.ms=30000 beat.memstats.gc_next=4473924 beat.memstats.memory_alloc=2806944 beat.memstats.memory_total=2806944 filebeat.harvester.open_files=0 filebeat.harvester.running=0 libbeat.config.module.running=0 libbeat.pipeline.clients=1 libbeat.pipeline.events.active=0 registrar.states.current=2
2018/01/31 04:44:24.550078 filebeat.go:323: INFO Stopping filebeat
2018/01/31 04:44:24.550122 crawler.go:109: INFO Stopping Crawler
2018/01/31 04:44:24.550137 crawler.go:119: INFO Stopping 1 prospectors
2018/01/31 04:44:24.550152 prospector.go:121: INFO Prospector ticker stopped
2018/01/31 04:44:24.550162 prospector.go:138: INFO Stopping Prospector: 4961747057792830411
2018/01/31 04:44:24.550183 crawler.go:135: INFO Crawler stopped
2018/01/31 04:44:24.550192 registrar.go:210: INFO Stopping Registrar
2018/01/31 04:44:24.550200 registrar.go:165: INFO Ending Registrar
2018/01/31 04:44:24.551377 metrics.go:51: INFO Total non-zero values:  beat.info.uptime.ms=83527 beat.memstats.gc_next=4473924 beat.memstats.memory_alloc=2851088 beat.memstats.memory_total=2851088 filebeat.events.added=2 filebeat.events.done=2 filebeat.harvester.open_files=0 filebeat.harvester.running=0 libbeat.config.module.running=0 libbeat.output.type=kafka libbeat.pipeline.clients=0 libbeat.pipeline.events.active=0 libbeat.pipeline.events.filtered=2 libbeat.pipeline.events.total=2 registrar.states.current=2 registrar.states.update=2 registrar.writes=3
2018/01/31 04:44:24.551405 metrics.go:52: INFO Uptime: 1m23.527563691s
2018/01/31 04:44:24.551413 beat.go:284: INFO filebeat stopped.
2018/01/31 04:44:45.395491 beat.go:436: INFO Home path: [/usr/local/zytc/code/dockerfile-mine/filebeat-6.1.1-linux-x86_64] Config path: [/usr/local/zytc/code/dockerfile-mine/filebeat-6.1.1-linux-x86_64] Data path: [/usr/local/zytc/code/dockerfile-mine/filebeat-6.1.1-linux-x86_64/data] Logs path: [/usr/local/zytc/code/dockerfile-mine/filebeat-6.1.1-linux-x86_64/logs]
2018/01/31 04:44:45.395521 metrics.go:23: INFO Metrics logging every 30s
2018/01/31 04:44:45.395612 beat.go:443: INFO Beat UUID: 00809895-3672-452e-b799-ab88a85e6a72
2018/01/31 04:44:45.395658 beat.go:203: INFO Setup Beat: filebeat; Version: 6.1.1
2018/01/31 04:44:45.396157 module.go:76: INFO Beat name: testserver5
2018/01/31 04:44:45.396432 beat.go:276: INFO filebeat start running.
2018/01/31 04:44:45.396492 registrar.go:88: INFO Registry file set to: /usr/local/zytc/code/dockerfile-mine/filebeat-6.1.1-linux-x86_64/data/registry
2018/01/31 04:44:45.396521 registrar.go:108: INFO Loading registrar data from /usr/local/zytc/code/dockerfile-mine/filebeat-6.1.1-linux-x86_64/data/registry
2018/01/31 04:44:45.396650 registrar.go:119: INFO States Loaded from registrar: 2
2018/01/31 04:44:45.396673 filebeat.go:261: WARN Filebeat is unable to load the Ingest Node pipelines for the configured modules because the Elasticsearch output is not configured/enabled. If you have already loaded the Ingest Node pipelines or are using Logstash pipelines, you can ignore this warning.
2018/01/31 04:44:45.396686 crawler.go:48: INFO Loading Prospectors: 1
2018/01/31 04:44:45.396741 registrar.go:150: INFO Starting Registrar
2018/01/31 04:44:45.397025 prospector.go:87: INFO Starting prospector of type: log; ID: 16989677544148686022 
2018/01/31 04:44:45.397044 crawler.go:82: INFO Loading and starting Prospectors completed. Enabled prospectors: 1
2018/01/31 04:44:45.398362 harvester.go:215: INFO Harvester started for file: /var/log/Xorg.3.log
2018/01/31 04:44:45.398823 harvester.go:215: INFO Harvester started for file: /var/log/Xorg.0.log
2018/01/31 04:44:45.409203 harvester.go:215: INFO Harvester started for file: /var/log/vmware-vmsvc.4.log
2018/01/31 04:44:45.409749 harvester.go:215: INFO Harvester started for file: /var/log/Xorg.9.log
2018/01/31 04:44:45.410060 harvester.go:215: INFO Harvester started for file: /var/log/vmware-vmusr.log
2018/01/31 04:44:45.410119 harvester.go:215: INFO Harvester started for file: /var/log/wpa_supplicant.log
2018/01/31 04:44:45.410552 harvester.go:215: INFO Harvester started for file: /var/log/Xorg.1.log
2018/01/31 04:44:45.411149 harvester.go:215: INFO Harvester started for file: /var/log/Xorg.2.log
2018/01/31 04:44:45.411533 harvester.go:215: INFO Harvester started for file: /var/log/vmware-vmsvc.3.log
2018/01/31 04:44:45.411926 harvester.go:215: INFO Harvester started for file: /var/log/yum.log
2018/01/31 04:44:45.412435 harvester.go:215: INFO Harvester started for file: /var/log/vmware-vmsvc.log
2018/01/31 04:44:45.412522 harvester.go:215: INFO Harvester started for file: /var/log/boot.log
2018/01/31 04:44:45.413247 harvester.go:215: INFO Harvester started for file: /var/log/mysqld.log
2018/01/31 04:44:45.414688 harvester.go:215: INFO Harvester started for file: /var/log/vmware-vmsvc.2.log
2018/01/31 04:44:45.415184 harvester.go:215: INFO Harvester started for file: /var/log/vmware-vmsvc.1.log
2018/01/31 04:44:45.437134 log.go:36: INFO kafka message: [Initializing new client]
2018/01/31 04:44:45.437208 log.go:36: INFO client/metadata fetching metadata for all topics from broker [[192.168.1.215:9092]]
2018/01/31 04:44:45.438349 log.go:36: INFO Connected to broker at [[192.168.1.215:9092]] (unregistered)
2018/01/31 04:44:45.474108 log.go:36: INFO client/brokers registered new broker #[[2 %!d(string=10.42.91.155:9092)]] at %!s(MISSING)
2018/01/31 04:44:45.474148 log.go:36: INFO client/brokers registered new broker #[[1 %!d(string=10.42.207.84:9092)]] at %!s(MISSING)
2018/01/31 04:44:45.474158 log.go:36: INFO client/brokers registered new broker #[[3 %!d(string=10.42.46.211:9092)]] at %!s(MISSING)
2018/01/31 04:44:45.474171 log.go:36: INFO kafka message: [Successfully initialized new client]
2018/01/31 04:45:15.395907 metrics.go:39: INFO Non-zero metrics in the last 30s: beat.info.uptime.ms=30001 beat.memstats.gc_next=13905968 beat.memstats.memory_alloc=8689432 beat.memstats.memory_total=4181776528 filebeat.events.active=4134 filebeat.events.added=4145 filebeat.events.done=11 filebeat.harvester.open_files=15 filebeat.harvester.running=15 filebeat.harvester.started=15 libbeat.config.module.running=0 libbeat.output.events.active=2048 libbeat.output.events.batches=1117 libbeat.output.events.failed=2285568 libbeat.output.events.total=2287616 libbeat.output.type=kafka libbeat.outputs.kafka.bytes_read=82 libbeat.outputs.kafka.bytes_write=23 libbeat.pipeline.clients=1 libbeat.pipeline.events.active=4117 libbeat.pipeline.events.filtered=21 libbeat.pipeline.events.published=4116 libbeat.pipeline.events.retry=2285568 libbeat.pipeline.events.total=4138 registrar.states.current=13 registrar.states.update=11 registrar.writes=11
2018/01/31 04:45:45.395898 metrics.go:39: INFO Non-zero metrics in the last 30s: beat.info.uptime.ms=30000 beat.memstats.gc_next=14901680 beat.memstats.memory_alloc=11639000 beat.memstats.memory_total=8341732848 filebeat.harvester.open_files=15 filebeat.harvester.running=15 libbeat.config.module.running=0 libbeat.output.events.batches=1116 libbeat.output.events.failed=2285568 libbeat.output.events.total=2285568 libbeat.pipeline.clients=1 libbeat.pipeline.events.active=4117 libbeat.pipeline.events.retry=2285568 registrar.states.current=13
2018/01/31 04:46:15.395931 metrics.go:39: INFO Non-zero metrics in the last 30s: beat.info.uptime.ms=30000 beat.memstats.gc_next=13552048 beat.memstats.memory_alloc=11272624 beat.memstats.memory_total=12613739648 filebeat.harvester.open_files=15 filebeat.harvester.running=15 libbeat.config.module.running=0 libbeat.output.events.batches=1145 libbeat.output.events.failed=2344960 libbeat.output.events.total=2344960 libbeat.pipeline.clients=1 libbeat.pipeline.events.active=4117 libbeat.pipeline.events.retry=2344960 registrar.states.current=13
2018/01/31 04:46:45.395875 metrics.go:39: INFO Non-zero metrics in the last 30s: beat.info.uptime.ms=30000 beat.memstats.gc_next=14893616 beat.memstats.memory_alloc=13856056 beat.memstats.memory_total=16833739216 filebeat.harvester.open_files=15 filebeat.harvester.running=15 libbeat.config.module.running=0 libbeat.output.events.batches=1131 libbeat.output.events.failed=2316288 libbeat.output.events.total=2316288 libbeat.pipeline.clients=1 libbeat.pipeline.events.active=4117 libbeat.pipeline.events.retry=2316288 registrar.states.current=13
2018/01/31 04:46:51.865348 filebeat.go:323: INFO Stopping filebeat
2018/01/31 04:46:51.865384 crawler.go:109: INFO Stopping Crawler
2018/01/31 04:46:51.865394 crawler.go:119: INFO Stopping 1 prospectors
2018/01/31 04:46:51.865405 prospector.go:121: INFO Prospector ticker stopped
2018/01/31 04:46:51.865415 prospector.go:138: INFO Stopping Prospector: 16989677544148686022
2018/01/31 04:46:51.865467 harvester.go:236: INFO Reader was closed: /var/log/wpa_supplicant.log. Closing.
2018/01/31 04:46:51.865639 harvester.go:236: INFO Reader was closed: /var/log/mysqld.log. Closing.
2018/01/31 04:46:51.865666 harvester.go:236: INFO Reader was closed: /var/log/yum.log. Closing.
2018/01/31 04:46:51.865685 harvester.go:236: INFO Reader was closed: /var/log/Xorg.3.log. Closing.
2018/01/31 04:46:51.865701 harvester.go:236: INFO Reader was closed: /var/log/vmware-vmusr.log. Closing.
2018/01/31 04:46:51.865722 harvester.go:236: INFO Reader was closed: /var/log/boot.log. Closing.
2018/01/31 04:46:51.865742 harvester.go:236: INFO Reader was closed: /var/log/Xorg.9.log. Closing.
2018/01/31 04:46:51.865782 crawler.go:135: INFO Crawler stopped
2018/01/31 04:46:51.865791 registrar.go:210: INFO Stopping Registrar
2018/01/31 04:46:51.865799 registrar.go:165: INFO Ending Registrar
2018/01/31 04:46:51.866538 metrics.go:51: INFO Total non-zero values:  beat.info.uptime.ms=126472 beat.memstats.gc_next=15079056 beat.memstats.memory_alloc=12443184 beat.memstats.memory_total=17746023344 filebeat.events.active=4134 filebeat.events.added=4145 filebeat.events.done=11 filebeat.harvester.closed=15 filebeat.harvester.open_files=0 filebeat.harvester.running=0 filebeat.harvester.started=15 libbeat.config.module.running=0 libbeat.output.events.active=2048 libbeat.output.events.batches=4754 libbeat.output.events.failed=9734144 libbeat.output.events.total=9736192 libbeat.output.type=kafka libbeat.outputs.kafka.bytes_read=82 libbeat.outputs.kafka.bytes_write=23 libbeat.pipeline.clients=0 libbeat.pipeline.events.active=4117 libbeat.pipeline.events.filtered=21 libbeat.pipeline.events.published=4116 libbeat.pipeline.events.retry=9734144 libbeat.pipeline.events.total=4138 registrar.states.current=13 registrar.states.update=11 registrar.writes=12
2018/01/31 04:46:51.866561 metrics.go:52: INFO Uptime: 2m6.472344251s
2018/01/31 04:46:51.866569 beat.go:284: INFO filebeat stopped.
